INFO: 2022-02-26 13:34:18,064: main() 'Using profile folder /home/anon/.config/variety/'
INFO: 2022-02-26 13:34:18,073: perform_upgrade() 'Last run version was 0.8.5 or earlier, current version is 0.8.5'
INFO: 2022-02-26 13:34:18,481: process_command() 'Received command: []'
INFO: 2022-02-26 13:34:18,490: load_banned() 'Missing or invalid banned URLs list, no URLs will be banned'
INFO: 2022-02-26 13:34:18,516: start() 'Using data_path /usr/share/variety'
INFO: 2022-02-26 13:34:18,517: load() 'Jumble loading'
INFO: 2022-02-26 13:34:18,518: _walk_modules() 'Jumble loading module in __init__ from /usr/lib/python3.10/site-packages/variety/plugins/builtin/__init__.py'
INFO: 2022-02-26 13:34:18,520: _walk_modules() 'Jumble loading module in GoodreadsSource from /usr/lib/python3.10/site-packages/variety/plugins/builtin/quotes/GoodreadsSource.py'
INFO: 2022-02-26 13:34:18,540: load() 'Jumble found plugin class: <class 'GoodreadsSource.GoodreadsSource'>: {'name': 'Goodreads', 'description': 'Fetches quotes from Goodreads.com', 'author': 'Peter Levi', 'version': '0.1'}'
INFO: 2022-02-26 13:34:18,542: _walk_modules() 'Jumble loading module in FortuneSource from /usr/lib/python3.10/site-packages/variety/plugins/builtin/quotes/FortuneSource.py'
INFO: 2022-02-26 13:34:18,543: load() 'Jumble found plugin class: <class 'FortuneSource.FortuneSource'>: {'name': 'UNIX fortune program', 'description': 'Displays quotes using the UNIX fortune program. You may want to install additional fortune packs, e.g. fortunes-bofh-excuses.', 'author': 'Dan Jones', 'version': '0.1'}'
INFO: 2022-02-26 13:34:18,544: _walk_modules() 'Jumble loading module in UrbanDictionarySource from /usr/lib/python3.10/site-packages/variety/plugins/builtin/quotes/UrbanDictionarySource.py'
INFO: 2022-02-26 13:34:18,546: load() 'Jumble found plugin class: <class 'UrbanDictionarySource.UrbanDictionarySource'>: {'name': 'Urban Dictionary', 'description': 'Displays definitions from Urban Dictionary', 'author': 'James Miller', 'version': '0.1'}'
INFO: 2022-02-26 13:34:18,547: _walk_modules() 'Jumble loading module in LocalFilesSource from /usr/lib/python3.10/site-packages/variety/plugins/builtin/quotes/LocalFilesSource.py'
INFO: 2022-02-26 13:34:18,549: load() 'Jumble found plugin class: <class 'LocalFilesSource.LocalFilesSource'>: {'name': 'Local text files', 'description': 'Displays quotes, defined in local text files.\nPut your own txt files in: ~/.config/variety/pluginconfig/quotes/.\nThe file format is:\n\nquote -- author\n.\nsecond quote -- another author\n.\netc...\n\nExample: http://rvelthuis.de/zips/quotes.txt', 'author': 'Peter Levi', 'version': '0.1'}'
INFO: 2022-02-26 13:34:18,550: _walk_modules() 'Jumble loading module in QuotationsPageSource from /usr/lib/python3.10/site-packages/variety/plugins/builtin/quotes/QuotationsPageSource.py'
INFO: 2022-02-26 13:34:18,553: load() 'Jumble found plugin class: <class 'QuotationsPageSource.QuotationsPageSource'>: {'name': 'TheQuotationsPage.com', 'description': 'Fetches quotes from TheQuotationsPage.com', 'author': 'Peter Levi', 'version': '0.1'}'
INFO: 2022-02-26 13:34:18,554: _walk_modules() 'Jumble loading module in __init__ from /usr/lib/python3.10/site-packages/variety/plugins/builtin/quotes/__init__.py'
INFO: 2022-02-26 13:34:18,557: _walk_modules() 'Jumble loading module in EarthviewDownloader from /usr/lib/python3.10/site-packages/variety/plugins/builtin/downloaders/EarthviewDownloader.py'
INFO: 2022-02-26 13:34:18,559: load() 'Jumble found plugin class: <class 'EarthviewDownloader.EarthviewDownloader'>: {'name': 'EarthviewDownloader', 'description': 'Google Earth View Wallpapers', 'author': 'Peter Levi', 'version': '0.1'}'
INFO: 2022-02-26 13:34:18,561: _walk_modules() 'Jumble loading module in RedditSource from /usr/lib/python3.10/site-packages/variety/plugins/builtin/downloaders/RedditSource.py'
INFO: 2022-02-26 13:34:18,565: load() 'Jumble found plugin class: <class 'RedditSource.RedditSource'>: {'name': 'RedditSource', 'description': 'Configurable source for fetching images from Reddit', 'author': 'Peter Levi', 'version': '0.1'}'
INFO: 2022-02-26 13:34:18,566: _walk_modules() 'Jumble loading module in APODDownloader from /usr/lib/python3.10/site-packages/variety/plugins/builtin/downloaders/APODDownloader.py'
INFO: 2022-02-26 13:34:18,568: load() 'Jumble found plugin class: <class 'APODDownloader.APODDownloader'>: {'name': 'APODDownloader', 'description': 'NASA Astro Pic of the Day', 'author': 'Peter Levi', 'version': '0.1'}'
INFO: 2022-02-26 13:34:18,570: _walk_modules() 'Jumble loading module in UnsplashDownloader from /usr/lib/python3.10/site-packages/variety/plugins/builtin/downloaders/UnsplashDownloader.py'
INFO: 2022-02-26 13:34:18,573: load() 'Jumble found plugin class: <class 'UnsplashDownloader.UnsplashDownloader'>: {'name': 'UnsplashDownloader', 'description': 'High-resolution photos from Unsplash.com', 'author': 'Peter Levi', 'version': '0.1'}'
INFO: 2022-02-26 13:34:18,574: _walk_modules() 'Jumble loading module in WallhavenSource from /usr/lib/python3.10/site-packages/variety/plugins/builtin/downloaders/WallhavenSource.py'
INFO: 2022-02-26 13:34:18,578: load() 'Jumble found plugin class: <class 'WallhavenSource.WallhavenSource'>: {'name': 'WallhavenSource', 'description': 'Configurable source for fetching images from Wallhaven.cc', 'author': 'Peter Levi', 'version': '0.1'}'
INFO: 2022-02-26 13:34:18,579: _walk_modules() 'Jumble loading module in MediaRSSDownloader from /usr/lib/python3.10/site-packages/variety/plugins/builtin/downloaders/MediaRSSDownloader.py'
INFO: 2022-02-26 13:34:18,582: _walk_modules() 'Jumble loading module in MediaRSSSource from /usr/lib/python3.10/site-packages/variety/plugins/builtin/downloaders/MediaRSSSource.py'
INFO: 2022-02-26 13:34:18,585: load() 'Jumble found plugin class: <class 'MediaRSSSource.MediaRSSSource'>: {'name': 'MediaRSSSource', 'description': 'Configurable source for fetching images from MediaRSS feeds', 'author': 'Peter Levi', 'version': '0.1'}'
INFO: 2022-02-26 13:34:18,586: _walk_modules() 'Jumble loading module in RedditDownloader from /usr/lib/python3.10/site-packages/variety/plugins/builtin/downloaders/RedditDownloader.py'
INFO: 2022-02-26 13:34:18,589: _walk_modules() 'Jumble loading module in WallhavenDownloader from /usr/lib/python3.10/site-packages/variety/plugins/builtin/downloaders/WallhavenDownloader.py'
INFO: 2022-02-26 13:34:18,592: _walk_modules() 'Jumble loading module in BingDownloader from /usr/lib/python3.10/site-packages/variety/plugins/builtin/downloaders/BingDownloader.py'
INFO: 2022-02-26 13:34:18,594: load() 'Jumble found plugin class: <class 'BingDownloader.BingDownloader'>: {'name': 'BingDownloader', 'description': 'Bing Photo of the Day', 'author': 'Peter Levi', 'version': '0.1'}'
INFO: 2022-02-26 13:34:18,595: _walk_modules() 'Jumble loading module in __init__ from /usr/lib/python3.10/site-packages/variety/plugins/builtin/downloaders/__init__.py'
INFO: 2022-02-26 13:34:18,597: _walk_modules() 'Jumble loading module in UnsplashConfigurableSource from /usr/lib/python3.10/site-packages/variety/plugins/builtin/downloaders/UnsplashConfigurableSource.py'
INFO: 2022-02-26 13:34:18,601: load() 'Jumble found plugin class: <class 'UnsplashConfigurableSource.UnsplashConfigurableSource'>: {'name': 'UnsplashConfigurableSource', 'description': 'Configurable source for fetching photos from Unsplash.com', 'author': 'Peter Levi', 'version': '0.1'}'
INFO: 2022-02-26 13:34:18,612: reload_config() 'Creating new downloader for type flickr, location user:www.flickr.com/photos/peter-levi/;user_id:93647178@N00;'
INFO: 2022-02-26 13:34:18,613: reload_config() 'Creating new downloader for type apod, location NASA's Astronomy Picture of the Day'
INFO: 2022-02-26 13:34:18,613: reload_config() 'Creating new downloader for type bing, location Bing Photo of the Day'
INFO: 2022-02-26 13:34:18,613: reload_config() 'Creating new downloader for type earthview, location Google Earth View Wallpapers'
INFO: 2022-02-26 13:34:18,613: reload_config() 'Creating new downloader for type unsplash, location High-resolution photos from Unsplash.com'
INFO: 2022-02-26 13:34:18,616: log_options() 'Loaded options:'
INFO: 2022-02-26 13:34:18,616: log_options() 'change_enabled = True'
INFO: 2022-02-26 13:34:18,617: log_options() 'change_interval = 300'
INFO: 2022-02-26 13:34:18,617: log_options() 'change_on_start = False'
INFO: 2022-02-26 13:34:18,617: log_options() 'clipboard_enabled = False'
INFO: 2022-02-26 13:34:18,617: log_options() 'clipboard_hosts = ['wallhaven.cc', 'wallpapers.net', 'flickr.com', 'imgur.com', 'deviantart.com', 'interfacelift.com', 'vladstudio.com', 'imageshack.us', 'deviantart.net', 'imageshack.com']'
INFO: 2022-02-26 13:34:18,617: log_options() 'clipboard_use_whitelist = True'
INFO: 2022-02-26 13:34:18,617: log_options() 'clock_date_font = Ubuntu Condensed, 30'
INFO: 2022-02-26 13:34:18,617: log_options() 'clock_enabled = False'
INFO: 2022-02-26 13:34:18,618: log_options() 'clock_filter = -density 100 -font `fc-match -f '%{file[0]}' '%CLOCK_FONT_NAME'` -pointsize %CLOCK_FONT_SIZE -gravity SouthEast -fill '#00000044' -annotate 0x0+[%HOFFSET+58]+[%VOFFSET+108] '%H:%M' -fill white -annotate 0x0+[%HOFFSET+60]+[%VOFFSET+110] '%H:%M' -font `fc-match -f '%{file[0]}' '%DATE_FONT_NAME'` -pointsize %DATE_FONT_SIZE -fill '#00000044' -annotate 0x0+[%HOFFSET+58]+[%VOFFSET+58] '%A, %B %d' -fill white -annotate 0x0+[%HOFFSET+60]+[%VOFFSET+60] '%A, %B %d''
INFO: 2022-02-26 13:34:18,618: log_options() 'clock_font = Ubuntu Condensed, 70'
INFO: 2022-02-26 13:34:18,618: log_options() 'configfile = /home/anon/.config/variety/variety.conf'
INFO: 2022-02-26 13:34:18,618: log_options() 'copyto_enabled = False'
INFO: 2022-02-26 13:34:18,618: log_options() 'copyto_folder = Default'
INFO: 2022-02-26 13:34:18,618: log_options() 'desired_color = [160, 160, 160]'
INFO: 2022-02-26 13:34:18,618: log_options() 'desired_color_enabled = False'
INFO: 2022-02-26 13:34:18,619: log_options() 'download_folder = /home/anon/.config/variety/Downloaded'
INFO: 2022-02-26 13:34:18,619: log_options() 'download_preference_ratio = 0.9'
INFO: 2022-02-26 13:34:18,619: log_options() 'favorites_folder = /home/anon/.config/variety/Favorites'
INFO: 2022-02-26 13:34:18,619: log_options() 'favorites_operations = [['Downloaded', 'Copy'], ['Fetched', 'Move'], ['Others', 'Copy']]'
INFO: 2022-02-26 13:34:18,619: log_options() 'fetched_folder = /home/anon/.config/variety/Fetched'
INFO: 2022-02-26 13:34:18,619: log_options() 'filters = [[False, 'Keep original', ''], [False, 'Grayscale', '-type Grayscale'], [False, 'Heavy blur', '-blur 120x40'], [False, 'Soft blur', '-blur 20x7'], [False, 'Oil painting', '-paint 8'], [False, 'Pointilism', '-spread 10 -noise 3'], [False, 'Pixellate', '-scale 3% -scale 3333%']]'
INFO: 2022-02-26 13:34:18,619: log_options() 'icon = Light'
INFO: 2022-02-26 13:34:18,620: log_options() 'lightness_enabled = False'
INFO: 2022-02-26 13:34:18,620: log_options() 'lightness_mode = 0'
INFO: 2022-02-26 13:34:18,620: log_options() 'min_rating = 4'
INFO: 2022-02-26 13:34:18,620: log_options() 'min_rating_enabled = False'
INFO: 2022-02-26 13:34:18,620: log_options() 'min_size = 80'
INFO: 2022-02-26 13:34:18,620: log_options() 'min_size_enabled = False'
INFO: 2022-02-26 13:34:18,620: log_options() 'quota_enabled = True'
INFO: 2022-02-26 13:34:18,620: log_options() 'quota_size = 1000'
INFO: 2022-02-26 13:34:18,621: log_options() 'quotes_authors = '
INFO: 2022-02-26 13:34:18,621: log_options() 'quotes_bg_color = [80, 80, 80]'
INFO: 2022-02-26 13:34:18,621: log_options() 'quotes_bg_opacity = 55'
INFO: 2022-02-26 13:34:18,621: log_options() 'quotes_change_enabled = False'
INFO: 2022-02-26 13:34:18,621: log_options() 'quotes_change_interval = 300'
INFO: 2022-02-26 13:34:18,621: log_options() 'quotes_disabled_sources = ['Urban Dictionary']'
INFO: 2022-02-26 13:34:18,621: log_options() 'quotes_enabled = False'
INFO: 2022-02-26 13:34:18,622: log_options() 'quotes_favorites_file = /home/anon/.config/variety/favorite_quotes.txt'
INFO: 2022-02-26 13:34:18,622: log_options() 'quotes_font = Bitstream Charter 30'
INFO: 2022-02-26 13:34:18,622: log_options() 'quotes_hpos = 100'
INFO: 2022-02-26 13:34:18,622: log_options() 'quotes_max_length = 250'
INFO: 2022-02-26 13:34:18,622: log_options() 'quotes_tags = '
INFO: 2022-02-26 13:34:18,622: log_options() 'quotes_text_color = [255, 255, 255]'
INFO: 2022-02-26 13:34:18,622: log_options() 'quotes_text_shadow = False'
INFO: 2022-02-26 13:34:18,623: log_options() 'quotes_vpos = 40'
INFO: 2022-02-26 13:34:18,623: log_options() 'quotes_width = 70'
INFO: 2022-02-26 13:34:18,623: log_options() 'safe_mode = False'
INFO: 2022-02-26 13:34:18,623: log_options() 'slideshow_custom_enabled = False'
INFO: 2022-02-26 13:34:18,623: log_options() 'slideshow_custom_folder = /home/anon/Pictures'
INFO: 2022-02-26 13:34:18,623: log_options() 'slideshow_downloads_enabled = False'
INFO: 2022-02-26 13:34:18,623: log_options() 'slideshow_fade = 0.4'
INFO: 2022-02-26 13:34:18,623: log_options() 'slideshow_favorites_enabled = True'
INFO: 2022-02-26 13:34:18,624: log_options() 'slideshow_mode = Fullscreen'
INFO: 2022-02-26 13:34:18,624: log_options() 'slideshow_monitor = All'
INFO: 2022-02-26 13:34:18,624: log_options() 'slideshow_pan = 0.05'
INFO: 2022-02-26 13:34:18,624: log_options() 'slideshow_seconds = 6.0'
INFO: 2022-02-26 13:34:18,624: log_options() 'slideshow_sort_order = Random'
INFO: 2022-02-26 13:34:18,624: log_options() 'slideshow_sources_enabled = True'
INFO: 2022-02-26 13:34:18,624: log_options() 'slideshow_zoom = 0.2'
INFO: 2022-02-26 13:34:18,624: log_options() 'smart_enabled = False'
INFO: 2022-02-26 13:34:18,625: log_options() 'smart_notice_shown = False'
INFO: 2022-02-26 13:34:18,625: log_options() 'smart_register_shown = False'
INFO: 2022-02-26 13:34:18,625: log_options() 'sources = [[True, 'favorites', 'The Favorites folder'], [True, 'fetched', 'The Fetched folder'], [True, 'folder', '/usr/share/backgrounds'], [True, 'flickr', 'user:www.flickr.com/photos/peter-levi/;user_id:93647178@N00;'], [True, 'apod', "NASA's Astronomy Picture of the Day"], [True, 'bing', 'Bing Photo of the Day'], [True, 'earthview', 'Google Earth View Wallpapers'], [True, 'unsplash', 'High-resolution photos from Unsplash.com']]'
INFO: 2022-02-26 13:34:18,625: log_options() 'stats_enabled = True'
INFO: 2022-02-26 13:34:18,625: log_options() 'stats_notice_shown = False'
INFO: 2022-02-26 13:34:18,625: log_options() 'sync_enabled = True'
INFO: 2022-02-26 13:34:18,625: log_options() 'use_landscape_enabled = True'
INFO: 2022-02-26 13:34:18,626: reload_config() 'No need to clear prepared queue'
INFO: 2022-02-26 13:34:18,626: update_indicator() 'Setting file info to: /home/anon/.config/variety/Downloaded/Bing/OHR.BactrianCamels_EN-US6701629967_1920x1080.jpg'
INFO: 2022-02-26 13:34:18,631: load_last_change_time() 'Change interval < 6 hours, ignore persisted last_change_time, wait initially the whole interval: 300'
INFO: 2022-02-26 13:34:18,631: update_indicator() 'Setting file info to: /home/anon/.config/variety/Downloaded/Bing/OHR.BactrianCamels_EN-US6701629967_1920x1080.jpg'
INFO: 2022-02-26 13:34:18,634: regular_change_thread() 'regular_change thread running'
INFO: 2022-02-26 13:34:18,641: prepare_thread() 'Prepare thread running'
INFO: 2022-02-26 13:34:18,642: prepare_thread() 'Prepared buffer contains 0 images'
INFO: 2022-02-26 13:34:18,642: prepare_thread() 'Preparing some images'
INFO: 2022-02-26 13:34:18,658: get_throttling() 'Unsplash.com: parsing serverside options'
INFO: 2022-02-26 13:34:18,659: get_throttling() 'Could not parse Unsplash.com serverside options, using defaults 10, 1'
INFO: 2022-02-26 13:34:18,660: get_throttling() 'Unsplash.com: parsing serverside options'
INFO: 2022-02-26 13:34:18,660: get_throttling() 'Could not parse Unsplash.com serverside options, using defaults 10, 1'
INFO: 2022-02-26 13:34:18,660: download_one() 'Unsplash.com: Downloading an image, config: None'
INFO: 2022-02-26 13:34:18,661: download_one() 'Unsplash.com: Queue size: 0'
INFO: 2022-02-26 13:34:18,661: get_throttling() 'Unsplash.com: parsing serverside options'
INFO: 2022-02-26 13:34:18,661: get_throttling() 'Could not parse Unsplash.com serverside options, using defaults 10, 1'
INFO: 2022-02-26 13:34:18,661: download_one() 'Unsplash.com: Filling queue'
INFO: 2022-02-26 13:34:18,661: fill_queue() 'Filling Unsplash queue from https://api.unsplash.com/photos/random?count=30&client_id=072e5048dfcb73a8d9ad59fcf402471518ff8df725df462b0c4fa665f466515a&orientation=landscape'
INFO: 2022-02-26 13:34:18,757: do_set_wp() 'Calling do_set_wp with /home/anon/.config/variety/Downloaded/Bing/OHR.BactrianCamels_EN-US6701629967_1920x1080.jpg, time: 1645862658.7570572'
INFO: 2022-02-26 13:34:18,766: update_indicator_icon() 'Creating indicator'
INFO: 2022-02-26 13:34:19,050: update_indicator() 'Setting file info to: /home/anon/.config/variety/Downloaded/Bing/OHR.BactrianCamels_EN-US6701629967_1920x1080.jpg'
WARNING: 2022-02-26 13:34:19,141: create_menu() 'Variety Slideshow is not installed. This is an optional extension adding pan-and-zoom slideshows to Variety: see https://github.com/peterlevi/variety-slideshow for details'
INFO: 2022-02-26 13:34:19,146: create_indicator() 'indicator backend: AppIndicator3'
INFO: 2022-02-26 13:34:19,212: prepare_thread() 'After search prepared buffer contains 56 images'
INFO: 2022-02-26 13:34:19,227: set_from_theme_icon() 'Showing indicator icon variety-indicator from GTK theme'
INFO: 2022-02-26 13:34:20,115: download_one() 'Unsplash.com: Queue populated with 30 URLs'
INFO: 2022-02-26 13:34:20,116: save_locally() 'Origin URL: https://unsplash.com/photos/F-2dQ6BH84Y?utm_source=Variety+Wallpaper+Changer&utm_medium=referral'
INFO: 2022-02-26 13:34:20,116: save_locally() 'Image URL: https://images.unsplash.com/photo-1643892590904-ca7a365efa0d?crop=entropy&cs=srgb&fm=jpg&ixid=MnwxMjIxfDB8MXxyYW5kb218fHx8fHx8fHwxNjQ1ODYyNjU5&ixlib=rb-1.2.1&q=85&w=1980'
INFO: 2022-02-26 13:34:20,116: save_locally() 'Local path: /home/anon/.config/variety/Downloaded/Unsplash/photo-1643892590904-ca7a365efa0d.jpg'
INFO: 2022-02-26 13:34:20,992: reload() 'Reloading preferences dialog'
INFO: 2022-02-26 13:34:21,214: trigger_download() 'Triggering download thread to check if download needed'
INFO: 2022-02-26 13:34:21,910: save_locally() 'Download complete'
INFO: 2022-02-26 13:34:21,910: update_indicator() 'Setting file info to: /home/anon/.config/variety/Downloaded/Bing/OHR.BactrianCamels_EN-US6701629967_1920x1080.jpg'
INFO: 2022-02-26 13:34:21,916: list_files() 'More than 1 files in the folders, stop listing'
INFO: 2022-02-26 13:34:21,917: download_one_from() 'Adding downloaded file /home/anon/.config/variety/Downloaded/Unsplash/photo-1643892590904-ca7a365efa0d.jpg to unseen_downloads'
INFO: 2022-02-26 13:34:22,924: get_throttling() 'Unsplash.com: parsing serverside options'
INFO: 2022-02-26 13:34:22,925: get_throttling() 'Could not parse Unsplash.com serverside options, using defaults 10, 1'
INFO: 2022-02-26 13:34:22,926: get_throttling() 'Unsplash.com: parsing serverside options'
INFO: 2022-02-26 13:34:22,927: get_throttling() 'Could not parse Unsplash.com serverside options, using defaults 10, 1'
INFO: 2022-02-26 13:34:22,927: download_one() 'Unsplash.com: Downloading an image, config: None'
INFO: 2022-02-26 13:34:22,928: download_one() 'Unsplash.com: Queue size: 29'
INFO: 2022-02-26 13:34:22,929: download_one() 'Unsplash.com: Queue populated with 29 URLs'
INFO: 2022-02-26 13:34:22,930: save_locally() 'Origin URL: https://unsplash.com/photos/MApGbFlxthk?utm_source=Variety+Wallpaper+Changer&utm_medium=referral'
INFO: 2022-02-26 13:34:22,930: save_locally() 'Image URL: https://images.unsplash.com/photo-1644770022503-04a11a0dc321?crop=entropy&cs=srgb&fm=jpg&ixid=MnwxMjIxfDB8MXxyYW5kb218fHx8fHx8fHwxNjQ1ODYyNjU5&ixlib=rb-1.2.1&q=85&w=1980'
INFO: 2022-02-26 13:34:22,930: save_locally() 'Local path: /home/anon/.config/variety/Downloaded/Unsplash/photo-1644770022503-04a11a0dc321.jpg'
INFO: 2022-02-26 13:34:23,633: save_locally() 'Download complete'
INFO: 2022-02-26 13:34:23,634: update_indicator() 'Setting file info to: /home/anon/.config/variety/Downloaded/Bing/OHR.BactrianCamels_EN-US6701629967_1920x1080.jpg'
INFO: 2022-02-26 13:34:23,641: list_files() 'More than 1 files in the folders, stop listing'
INFO: 2022-02-26 13:34:23,643: download_one_from() 'Adding downloaded file /home/anon/.config/variety/Downloaded/Unsplash/photo-1644770022503-04a11a0dc321.jpg to unseen_downloads'
INFO: 2022-02-26 13:34:24,649: get_throttling() 'Unsplash.com: parsing serverside options'
INFO: 2022-02-26 13:34:24,649: get_throttling() 'Could not parse Unsplash.com serverside options, using defaults 10, 1'
INFO: 2022-02-26 13:34:24,649: get_throttling() 'Unsplash.com: parsing serverside options'
INFO: 2022-02-26 13:34:24,649: get_throttling() 'Could not parse Unsplash.com serverside options, using defaults 10, 1'
INFO: 2022-02-26 13:34:24,650: download_one() 'Unsplash.com: Downloading an image, config: None'
INFO: 2022-02-26 13:34:24,650: download_one() 'Unsplash.com: Queue size: 28'
INFO: 2022-02-26 13:34:24,650: download_one() 'Unsplash.com: Queue populated with 28 URLs'
INFO: 2022-02-26 13:34:24,650: save_locally() 'Origin URL: https://unsplash.com/photos/lNCJD6NXc2U?utm_source=Variety+Wallpaper+Changer&utm_medium=referral'
INFO: 2022-02-26 13:34:24,650: save_locally() 'Image URL: https://images.unsplash.com/photo-1644504723330-1126f190cdbf?crop=entropy&cs=srgb&fm=jpg&ixid=MnwxMjIxfDB8MXxyYW5kb218fHx8fHx8fHwxNjQ1ODYyNjU5&ixlib=rb-1.2.1&q=85&w=1980'
INFO: 2022-02-26 13:34:24,650: save_locally() 'Local path: /home/anon/.config/variety/Downloaded/Unsplash/photo-1644504723330-1126f190cdbf.jpg'
INFO: 2022-02-26 13:34:25,534: save_locally() 'Download complete'
INFO: 2022-02-26 13:34:25,534: update_indicator() 'Setting file info to: /home/anon/.config/variety/Downloaded/Bing/OHR.BactrianCamels_EN-US6701629967_1920x1080.jpg'
INFO: 2022-02-26 13:34:25,539: list_files() 'More than 1 files in the folders, stop listing'
INFO: 2022-02-26 13:34:25,540: download_one_from() 'Adding downloaded file /home/anon/.config/variety/Downloaded/Unsplash/photo-1644504723330-1126f190cdbf.jpg to unseen_downloads'
INFO: 2022-02-26 13:34:26,544: get_throttling() 'Unsplash.com: parsing serverside options'
INFO: 2022-02-26 13:34:26,545: get_throttling() 'Could not parse Unsplash.com serverside options, using defaults 10, 1'
INFO: 2022-02-26 13:34:26,545: get_throttling() 'Unsplash.com: parsing serverside options'
INFO: 2022-02-26 13:34:26,546: get_throttling() 'Could not parse Unsplash.com serverside options, using defaults 10, 1'
INFO: 2022-02-26 13:34:26,546: download_one() 'Unsplash.com: Downloading an image, config: None'
INFO: 2022-02-26 13:34:26,546: download_one() 'Unsplash.com: Queue size: 27'
INFO: 2022-02-26 13:34:26,547: download_one() 'Unsplash.com: Queue populated with 27 URLs'
INFO: 2022-02-26 13:34:26,547: save_locally() 'Origin URL: https://unsplash.com/photos/jlL73_8wyGU?utm_source=Variety+Wallpaper+Changer&utm_medium=referral'
INFO: 2022-02-26 13:34:26,549: save_locally() 'Image URL: https://images.unsplash.com/photo-1645421561335-e30eb4635d98?crop=entropy&cs=srgb&fm=jpg&ixid=MnwxMjIxfDB8MXxyYW5kb218fHx8fHx8fHwxNjQ1ODYyNjU5&ixlib=rb-1.2.1&q=85&w=1980'
INFO: 2022-02-26 13:34:26,549: save_locally() 'Local path: /home/anon/.config/variety/Downloaded/Unsplash/photo-1645421561335-e30eb4635d98.jpg'
INFO: 2022-02-26 13:34:28,361: save_locally() 'Download complete'
INFO: 2022-02-26 13:34:28,362: update_indicator() 'Setting file info to: /home/anon/.config/variety/Downloaded/Bing/OHR.BactrianCamels_EN-US6701629967_1920x1080.jpg'
INFO: 2022-02-26 13:34:28,371: list_files() 'More than 1 files in the folders, stop listing'
INFO: 2022-02-26 13:34:28,373: download_one_from() 'Adding downloaded file /home/anon/.config/variety/Downloaded/Unsplash/photo-1645421561335-e30eb4635d98.jpg to unseen_downloads'
INFO: 2022-02-26 13:34:29,376: get_throttling() 'Unsplash.com: parsing serverside options'
INFO: 2022-02-26 13:34:29,377: get_throttling() 'Could not parse Unsplash.com serverside options, using defaults 10, 1'
INFO: 2022-02-26 13:34:29,377: get_throttling() 'Unsplash.com: parsing serverside options'
INFO: 2022-02-26 13:34:29,378: get_throttling() 'Could not parse Unsplash.com serverside options, using defaults 10, 1'
INFO: 2022-02-26 13:34:29,378: download_one() 'Unsplash.com: Downloading an image, config: None'
INFO: 2022-02-26 13:34:29,378: download_one() 'Unsplash.com: Queue size: 26'
INFO: 2022-02-26 13:34:29,379: download_one() 'Unsplash.com: Queue populated with 26 URLs'
INFO: 2022-02-26 13:34:29,380: save_locally() 'Origin URL: https://unsplash.com/photos/SdBeRUZlZ-E?utm_source=Variety+Wallpaper+Changer&utm_medium=referral'
INFO: 2022-02-26 13:34:29,380: save_locally() 'Image URL: https://images.unsplash.com/photo-1644802308492-1fb9486b7742?crop=entropy&cs=srgb&fm=jpg&ixid=MnwxMjIxfDB8MXxyYW5kb218fHx8fHx8fHwxNjQ1ODYyNjU5&ixlib=rb-1.2.1&q=85&w=1980'
INFO: 2022-02-26 13:34:29,381: save_locally() 'Local path: /home/anon/.config/variety/Downloaded/Unsplash/photo-1644802308492-1fb9486b7742.jpg'
INFO: 2022-02-26 13:34:30,317: save_locally() 'Download complete'
INFO: 2022-02-26 13:34:30,319: update_indicator() 'Setting file info to: /home/anon/.config/variety/Downloaded/Bing/OHR.BactrianCamels_EN-US6701629967_1920x1080.jpg'
INFO: 2022-02-26 13:34:30,327: list_files() 'More than 1 files in the folders, stop listing'
INFO: 2022-02-26 13:34:30,329: download_one_from() 'Adding downloaded file /home/anon/.config/variety/Downloaded/Unsplash/photo-1644802308492-1fb9486b7742.jpg to unseen_downloads'
INFO: 2022-02-26 13:34:31,333: get_throttling() 'Unsplash.com: parsing serverside options'
INFO: 2022-02-26 13:34:31,334: get_throttling() 'Could not parse Unsplash.com serverside options, using defaults 10, 1'
INFO: 2022-02-26 13:34:31,334: get_throttling() 'Unsplash.com: parsing serverside options'
INFO: 2022-02-26 13:34:31,335: get_throttling() 'Could not parse Unsplash.com serverside options, using defaults 10, 1'
INFO: 2022-02-26 13:34:31,336: download_one() 'Unsplash.com: Downloading an image, config: None'
INFO: 2022-02-26 13:34:31,337: download_one() 'Unsplash.com: Queue size: 25'
INFO: 2022-02-26 13:34:31,337: download_one() 'Unsplash.com: Queue populated with 25 URLs'
INFO: 2022-02-26 13:34:31,339: save_locally() 'Origin URL: https://unsplash.com/photos/at4afaGvOVs?utm_source=Variety+Wallpaper+Changer&utm_medium=referral'
INFO: 2022-02-26 13:34:31,339: save_locally() 'Image URL: https://images.unsplash.com/photo-1645737522839-978bb0f22d74?crop=entropy&cs=srgb&fm=jpg&ixid=MnwxMjIxfDB8MXxyYW5kb218fHx8fHx8fHwxNjQ1ODYyNjU5&ixlib=rb-1.2.1&q=85&w=1980'
INFO: 2022-02-26 13:34:31,340: save_locally() 'Local path: /home/anon/.config/variety/Downloaded/Unsplash/photo-1645737522839-978bb0f22d74.jpg'
INFO: 2022-02-26 13:34:32,391: save_locally() 'Download complete'
INFO: 2022-02-26 13:34:32,392: update_indicator() 'Setting file info to: /home/anon/.config/variety/Downloaded/Bing/OHR.BactrianCamels_EN-US6701629967_1920x1080.jpg'
INFO: 2022-02-26 13:34:32,395: list_files() 'More than 1 files in the folders, stop listing'
INFO: 2022-02-26 13:34:32,397: download_one_from() 'Adding downloaded file /home/anon/.config/variety/Downloaded/Unsplash/photo-1645737522839-978bb0f22d74.jpg to unseen_downloads'
INFO: 2022-02-26 13:34:33,402: get_throttling() 'Bing: parsing serverside options'
INFO: 2022-02-26 13:34:33,402: get_throttling() 'Could not parse Bing serverside options, using defaults None, None'
INFO: 2022-02-26 13:34:33,403: get_throttling() 'Bing: parsing serverside options'
INFO: 2022-02-26 13:34:33,403: get_throttling() 'Could not parse Bing serverside options, using defaults None, None'
INFO: 2022-02-26 13:34:33,404: download_one() 'Bing: Downloading an image, config: None'
INFO: 2022-02-26 13:34:33,404: download_one() 'Bing: Queue size: 0'
INFO: 2022-02-26 13:34:33,405: get_throttling() 'Bing: parsing serverside options'
INFO: 2022-02-26 13:34:33,405: get_throttling() 'Could not parse Bing serverside options, using defaults None, None'
INFO: 2022-02-26 13:34:33,406: download_one() 'Bing: Filling queue'
INFO: 2022-02-26 13:34:34,493: download_one() 'Bing: Queue populated with 7 URLs'
INFO: 2022-02-26 13:34:34,493: save_locally() 'Origin URL: https://www.bing.com/search?q=vatnaj%C3%B6kull&form=hpcapt&filters=HpDate%3a%2220220224_0800%22'
INFO: 2022-02-26 13:34:34,495: save_locally() 'Image URL: https://www.bing.com/th?id=OHR.CrystalCave_EN-US8679086426_1920x1080.jpg&rf=LaDigue_1920x1080.jpg&pid=hp'
INFO: 2022-02-26 13:34:34,495: save_locally() 'Local path: /home/anon/.config/variety/Downloaded/Bing/OHR.CrystalCave_EN-US8679086426_1920x1080.jpg'
INFO: 2022-02-26 13:34:34,496: save_locally() 'File already exists, skip downloading'
INFO: 2022-02-26 13:34:35,499: get_throttling() 'Unsplash.com: parsing serverside options'
INFO: 2022-02-26 13:34:35,500: get_throttling() 'Could not parse Unsplash.com serverside options, using defaults 10, 1'
INFO: 2022-02-26 13:34:35,500: get_throttling() 'Unsplash.com: parsing serverside options'
INFO: 2022-02-26 13:34:35,501: get_throttling() 'Could not parse Unsplash.com serverside options, using defaults 10, 1'
INFO: 2022-02-26 13:34:35,501: download_one() 'Unsplash.com: Downloading an image, config: None'
INFO: 2022-02-26 13:34:35,501: download_one() 'Unsplash.com: Queue size: 24'
INFO: 2022-02-26 13:34:35,502: download_one() 'Unsplash.com: Queue populated with 24 URLs'
INFO: 2022-02-26 13:34:35,502: save_locally() 'Origin URL: https://unsplash.com/photos/9iX5iQUjlBU?utm_source=Variety+Wallpaper+Changer&utm_medium=referral'
INFO: 2022-02-26 13:34:35,503: save_locally() 'Image URL: https://images.unsplash.com/photo-1645361382451-a5ecefb00f2d?crop=entropy&cs=srgb&fm=jpg&ixid=MnwxMjIxfDB8MXxyYW5kb218fHx8fHx8fHwxNjQ1ODYyNjU5&ixlib=rb-1.2.1&q=85&w=1980'
INFO: 2022-02-26 13:34:35,503: save_locally() 'Local path: /home/anon/.config/variety/Downloaded/Unsplash/photo-1645361382451-a5ecefb00f2d.jpg'
INFO: 2022-02-26 13:34:36,325: save_locally() 'Download complete'
INFO: 2022-02-26 13:34:36,327: update_indicator() 'Setting file info to: /home/anon/.config/variety/Downloaded/Bing/OHR.BactrianCamels_EN-US6701629967_1920x1080.jpg'
INFO: 2022-02-26 13:34:36,340: list_files() 'More than 1 files in the folders, stop listing'
INFO: 2022-02-26 13:34:36,343: download_one_from() 'Adding downloaded file /home/anon/.config/variety/Downloaded/Unsplash/photo-1645361382451-a5ecefb00f2d.jpg to unseen_downloads'
INFO: 2022-02-26 13:34:37,352: get_throttling() 'Unsplash.com: parsing serverside options'
INFO: 2022-02-26 13:34:37,353: get_throttling() 'Could not parse Unsplash.com serverside options, using defaults 10, 1'
INFO: 2022-02-26 13:34:37,354: get_throttling() 'Unsplash.com: parsing serverside options'
INFO: 2022-02-26 13:34:37,354: get_throttling() 'Could not parse Unsplash.com serverside options, using defaults 10, 1'
INFO: 2022-02-26 13:34:37,355: download_one() 'Unsplash.com: Downloading an image, config: None'
INFO: 2022-02-26 13:34:37,356: download_one() 'Unsplash.com: Queue size: 23'
INFO: 2022-02-26 13:34:37,356: download_one() 'Unsplash.com: Queue populated with 23 URLs'
INFO: 2022-02-26 13:34:37,358: save_locally() 'Origin URL: https://unsplash.com/photos/EMrhlmTDUSg?utm_source=Variety+Wallpaper+Changer&utm_medium=referral'
INFO: 2022-02-26 13:34:37,358: save_locally() 'Image URL: https://images.unsplash.com/photo-1643386777909-04835ade3530?crop=entropy&cs=srgb&fm=jpg&ixid=MnwxMjIxfDB8MXxyYW5kb218fHx8fHx8fHwxNjQ1ODYyNjU5&ixlib=rb-1.2.1&q=85&w=1980'
INFO: 2022-02-26 13:34:37,359: save_locally() 'Local path: /home/anon/.config/variety/Downloaded/Unsplash/photo-1643386777909-04835ade3530.jpg'
INFO: 2022-02-26 13:34:38,433: save_locally() 'Download complete'
INFO: 2022-02-26 13:34:38,433: update_indicator() 'Setting file info to: /home/anon/.config/variety/Downloaded/Bing/OHR.BactrianCamels_EN-US6701629967_1920x1080.jpg'
INFO: 2022-02-26 13:34:38,437: list_files() 'More than 1 files in the folders, stop listing'
INFO: 2022-02-26 13:34:38,438: download_one_from() 'Adding downloaded file /home/anon/.config/variety/Downloaded/Unsplash/photo-1643386777909-04835ade3530.jpg to unseen_downloads'
INFO: 2022-02-26 13:34:38,784: server_options_thread() 'Fetching server options from http://tiny.cc/variety-options-063'
INFO: 2022-02-26 13:34:39,446: get_throttling() 'Unsplash.com: parsing serverside options'
INFO: 2022-02-26 13:34:39,446: get_throttling() 'Could not parse Unsplash.com serverside options, using defaults 10, 1'
INFO: 2022-02-26 13:34:39,447: get_throttling() 'Unsplash.com: parsing serverside options'
INFO: 2022-02-26 13:34:39,447: get_throttling() 'Could not parse Unsplash.com serverside options, using defaults 10, 1'
INFO: 2022-02-26 13:34:39,448: download_one() 'Unsplash.com: Downloading an image, config: None'
INFO: 2022-02-26 13:34:39,448: download_one() 'Unsplash.com: Queue size: 22'
INFO: 2022-02-26 13:34:39,449: download_one() 'Unsplash.com: Queue populated with 22 URLs'
INFO: 2022-02-26 13:34:39,449: save_locally() 'Origin URL: https://unsplash.com/photos/jFuVfiHIa9g?utm_source=Variety+Wallpaper+Changer&utm_medium=referral'
INFO: 2022-02-26 13:34:39,450: save_locally() 'Image URL: https://images.unsplash.com/photo-1644424127276-1bb248bf064c?crop=entropy&cs=srgb&fm=jpg&ixid=MnwxMjIxfDB8MXxyYW5kb218fHx8fHx8fHwxNjQ1ODYyNjU5&ixlib=rb-1.2.1&q=85&w=1980'
INFO: 2022-02-26 13:34:39,450: save_locally() 'Local path: /home/anon/.config/variety/Downloaded/Unsplash/photo-1644424127276-1bb248bf064c.jpg'
INFO: 2022-02-26 13:34:41,012: save_locally() 'Download complete'
INFO: 2022-02-26 13:34:41,013: update_indicator() 'Setting file info to: /home/anon/.config/variety/Downloaded/Bing/OHR.BactrianCamels_EN-US6701629967_1920x1080.jpg'
INFO: 2022-02-26 13:34:41,017: list_files() 'More than 1 files in the folders, stop listing'
INFO: 2022-02-26 13:34:41,026: purge_downloaded() 'Refreshed download folder size: 60.565555572509766 mb'
INFO: 2022-02-26 13:34:41,027: download_one_from() 'Adding downloaded file /home/anon/.config/variety/Downloaded/Unsplash/photo-1644424127276-1bb248bf064c.jpg to unseen_downloads'
INFO: 2022-02-26 13:34:41,627: server_options_thread() 'Fetched server options: {'flickr': {'min_fill_queue_interval': 1200, 'min_download_interval': 1200}, 'wallbase': {'min_fill_queue_interval': 1800, 'min_download_interval': 1800}, 'wallhaven': {'min_fill_queue_interval': 1800, 'min_download_interval': 1800}, 'wallpapers.net': {'min_fill_queue_interval': 601, 'min_download_interval': 0}, 'unsplash': {'min_fill_queue_interval': 20000000000, 'min_download_interval': 20000000000}, 'unsplash_v2': {'min_fill_queue_interval': 2000, 'min_download_interval': 1200}, 'status_message': {'0.0.1': '', '*': ''}}'
INFO: 2022-02-26 13:34:42,029: get_throttling() 'Unsplash.com: parsing serverside options'
INFO: 2022-02-26 13:34:42,030: get_throttling() 'Unsplash.com serverside options: {'min_fill_queue_interval': 2000, 'min_download_interval': 1200}'
INFO: 2022-02-26 13:34:42,030: get_throttling() 'Unsplash.com: parsing serverside options'
INFO: 2022-02-26 13:34:42,030: get_throttling() 'Unsplash.com serverside options: {'min_fill_queue_interval': 2000, 'min_download_interval': 1200}'
INFO: 2022-02-26 13:34:42,030: download_one() 'Unsplash.com: Downloading an image, config: None'
INFO: 2022-02-26 13:34:42,030: download_one() 'Unsplash.com: Queue size: 21'
INFO: 2022-02-26 13:34:42,030: download_one() 'Unsplash.com: Queue populated with 21 URLs'
INFO: 2022-02-26 13:34:42,031: save_locally() 'Origin URL: https://unsplash.com/photos/aA1jQ8xkxFM?utm_source=Variety+Wallpaper+Changer&utm_medium=referral'
INFO: 2022-02-26 13:34:42,031: save_locally() 'Image URL: https://images.unsplash.com/photo-1645639225406-084e354c23d2?crop=entropy&cs=srgb&fm=jpg&ixid=MnwxMjIxfDB8MXxyYW5kb218fHx8fHx8fHwxNjQ1ODYyNjU5&ixlib=rb-1.2.1&q=85&w=1980'
INFO: 2022-02-26 13:34:42,031: save_locally() 'Local path: /home/anon/.config/variety/Downloaded/Unsplash/photo-1645639225406-084e354c23d2.jpg'
INFO: 2022-02-26 13:34:42,650: save_locally() 'Download complete'
INFO: 2022-02-26 13:34:42,651: update_indicator() 'Setting file info to: /home/anon/.config/variety/Downloaded/Bing/OHR.BactrianCamels_EN-US6701629967_1920x1080.jpg'
INFO: 2022-02-26 13:34:42,664: list_files() 'More than 1 files in the folders, stop listing'
INFO: 2022-02-26 13:34:42,667: download_one_from() 'Adding downloaded file /home/anon/.config/variety/Downloaded/Unsplash/photo-1645639225406-084e354c23d2.jpg to unseen_downloads'
INFO: 2022-02-26 13:34:43,675: get_throttling() 'Unsplash.com: parsing serverside options'
INFO: 2022-02-26 13:34:43,676: get_throttling() 'Unsplash.com serverside options: {'min_fill_queue_interval': 2000, 'min_download_interval': 1200}'
INFO: 2022-02-26 13:34:43,677: get_throttling() 'Unsplash.com: parsing serverside options'
INFO: 2022-02-26 13:34:43,677: get_throttling() 'Unsplash.com serverside options: {'min_fill_queue_interval': 2000, 'min_download_interval': 1200}'
INFO: 2022-02-26 13:34:43,678: download_one() 'Unsplash.com: max_downloads_per_hour of 10 reached, skip this attempt'
INFO: 2022-02-26 13:35:19,169: _check_quit() 'Terminating signal received, quitting...'
INFO: 2022-02-26 13:35:19,173: on_quit() 'Quitting'
